[2022:03:20 15:44:27] INFO  MachineClassSpider <_check_sql_available> 检查 SQL设置 可用性
[2022:03:20 15:44:27] WARNING MachineClassSpider <_check_sql_available> <存储> SQL 语句 Setting读取异常 切换到全局 Setting!
[2022:03:20 15:44:27] ERROR MachineClassSpider <_check_sql_available> <存储> SQL 语句 全局 Setting读取异常!
[2022:03:20 15:44:27] ERROR MachineClassSpider <_check_sql_available> <存储> 未读取到可用存储语句 默认存储JSON
[2022:03:20 15:44:27] WARNING MachineClassSpider <_check_sql_available> <更新> SQL 语句 Setting读取异常 切换到全局 Setting!
[2022:03:20 15:44:27] ERROR MachineClassSpider <_check_sql_available> <更新> SQL 语句 全局 Setting读取异常! 未设置更新 SQL
[2022:03:20 15:44:27] WARNING MachineClassSpider <_check_sql_available> SQL 表名 Setting读取异常 切换到全局 Setting!
[2022:03:20 15:44:27] ERROR MachineClassSpider <_check_sql_available> SQL 表名 全局 Setting读取异常!
[2022:03:20 15:44:27] INFO  MachineClassSpider <start_master> 开始爬取！
[2022:03:20 15:44:27] INFO  MachineClassSpider ensure_future 开始工作,内存Id 为:2390595602048
[2022:03:20 15:44:27] INFO  MachineClassSpider ensure_future 开始工作,内存Id 为:2390595602208
[2022:03:20 15:44:27] INFO  MachineClassSpider <fetch> 开始！
[2022:03:20 15:44:27] INFO  MachineClassSpider <_start_request> method:GET url:http://www.baidu.com status:200 timeCost:0.05301094055175781
[2022:03:20 15:44:27] INFO  MachineClassSpider <save_to_json> 未发现可用 存储sql 默认更改为存储json
[2022:03:20 15:44:27] INFO  MachineClassSpider <save_to_json> Json转存成功 文件名为:MachineClassSpider.json
[2022:03:20 15:44:27] INFO  MachineClassSpider <MachineClassSpider> 爬取结束
[2022:03:20 15:44:27] ERROR asyncio            Unclosed client session
client_session: <aiohttp.client.ClientSession object at 0x0000022C9A9D7D90>
[2022:03:20 15:44:27] ERROR asyncio            Unclosed connector
connections: ['[(<aiohttp.client_proto.ResponseHandler object at 0x0000022C9AA10A60>, 25889.765)]']
connector: <aiohttp.connector.TCPConnector object at 0x0000022C9A9D7DF0>
[2022:03:20 15:44:27] ERROR asyncio            Task was destroyed but it is pending!
task: <Task pending name='Task-2' coro=<Spider.dispatch_slaver() running at F:\爬虫专用\framework_spider\Core\spider.py:253> wait_for=<Future cancelled>>
[2022:03:20 15:44:27] ERROR asyncio            Task was destroyed but it is pending!
task: <Task pending name='Task-3' coro=<Spider.dispatch_slaver() running at F:\爬虫专用\framework_spider\Core\spider.py:253> wait_for=<Future pending cb=[<TaskWakeupMethWrapper object at 0x0000022C9AA0B280>()]>>
[2022:03:20 15:54:30] INFO  MachineClassSpider <_check_sql_available> 检查 SQL设置 可用性
[2022:03:20 15:54:30] WARNING MachineClassSpider <_check_sql_available> <存储> SQL 语句 Setting读取异常 切换到全局 Setting!
[2022:03:20 15:54:30] ERROR MachineClassSpider <_check_sql_available> <存储> SQL 语句 全局 Setting读取异常!
[2022:03:20 15:54:30] ERROR MachineClassSpider <_check_sql_available> <存储> 未读取到可用存储语句 默认存储JSON
[2022:03:20 15:54:30] WARNING MachineClassSpider <_check_sql_available> <更新> SQL 语句 Setting读取异常 切换到全局 Setting!
[2022:03:20 15:54:30] ERROR MachineClassSpider <_check_sql_available> <更新> SQL 语句 全局 Setting读取异常! 未设置更新 SQL
[2022:03:20 15:54:30] WARNING MachineClassSpider <_check_sql_available> SQL 表名 Setting读取异常 切换到全局 Setting!
[2022:03:20 15:54:30] ERROR MachineClassSpider <_check_sql_available> SQL 表名 全局 Setting读取异常!
[2022:03:20 15:54:30] INFO  MachineClassSpider <start_master> 开始爬取！
[2022:03:20 15:54:30] INFO  MachineClassSpider ensure_future 开始工作,内存Id 为:2665430976448
[2022:03:20 15:54:30] INFO  MachineClassSpider ensure_future 开始工作,内存Id 为:2665430976608
[2022:03:20 15:54:30] INFO  MachineClassSpider <fetch> 开始！
[2022:03:20 15:54:31] INFO  MachineClassSpider <_start_request> method:GET url:https://used.jc35.com/ status:200 timeCost:1.1387372016906738
[2022:03:20 15:54:31] INFO  MachineClassSpider <save_to_json> 未发现可用 存储sql 默认更改为存储json
[2022:03:20 15:54:31] INFO  MachineClassSpider <save_to_json> Json转存成功 文件名为:MachineClassSpider.json
[2022:03:20 15:54:31] INFO  MachineClassSpider <save_to_json> 未发现可用 存储sql 默认更改为存储json
[2022:03:20 15:54:31] INFO  MachineClassSpider <save_to_json> Json转存成功 文件名为:MachineClassSpider.json
[2022:03:20 15:54:31] INFO  MachineClassSpider <save_to_json> 未发现可用 存储sql 默认更改为存储json
[2022:03:20 15:54:31] INFO  MachineClassSpider <save_to_json> Json转存成功 文件名为:MachineClassSpider.json
[2022:03:20 15:54:31] INFO  MachineClassSpider <save_to_json> 未发现可用 存储sql 默认更改为存储json
[2022:03:20 15:54:31] INFO  MachineClassSpider <save_to_json> Json转存成功 文件名为:MachineClassSpider.json
[2022:03:20 15:54:31] INFO  MachineClassSpider <MachineClassSpider> 爬取结束
[2022:03:20 15:54:31] ERROR asyncio            Unclosed client session
client_session: <aiohttp.client.ClientSession object at 0x0000026C98149C70>
[2022:03:20 15:54:31] ERROR asyncio            Unclosed connector
connections: ['[(<aiohttp.client_proto.ResponseHandler object at 0x0000026C98188A00>, 26493.531)]']
connector: <aiohttp.connector.TCPConnector object at 0x0000026C98149CD0>
[2022:03:20 15:54:31] ERROR asyncio            Task was destroyed but it is pending!
task: <Task pending name='Task-2' coro=<Spider.dispatch_slaver() running at F:\爬虫专用\framework_spider\Core\spider.py:255> wait_for=<Future cancelled>>
[2022:03:20 15:54:31] ERROR asyncio            Task was destroyed but it is pending!
task: <Task pending name='Task-3' coro=<Spider.dispatch_slaver() running at F:\爬虫专用\framework_spider\Core\spider.py:255> wait_for=<Future pending cb=[<TaskWakeupMethWrapper object at 0x0000026C9817C250>()]>>
[2022:03:20 15:54:53] INFO  MachineClassSpider <_check_sql_available> 检查 SQL设置 可用性
[2022:03:20 15:54:53] WARNING MachineClassSpider <_check_sql_available> <存储> SQL 语句 Setting读取异常 切换到全局 Setting!
[2022:03:20 15:54:53] ERROR MachineClassSpider <_check_sql_available> <存储> SQL 语句 全局 Setting读取异常!
[2022:03:20 15:54:53] ERROR MachineClassSpider <_check_sql_available> <存储> 未读取到可用存储语句 默认存储JSON
[2022:03:20 15:54:53] WARNING MachineClassSpider <_check_sql_available> <更新> SQL 语句 Setting读取异常 切换到全局 Setting!
[2022:03:20 15:54:53] ERROR MachineClassSpider <_check_sql_available> <更新> SQL 语句 全局 Setting读取异常! 未设置更新 SQL
[2022:03:20 15:54:53] WARNING MachineClassSpider <_check_sql_available> SQL 表名 Setting读取异常 切换到全局 Setting!
[2022:03:20 15:54:53] ERROR MachineClassSpider <_check_sql_available> SQL 表名 全局 Setting读取异常!
[2022:03:20 15:54:53] INFO  MachineClassSpider <start_master> 开始爬取！
[2022:03:20 15:54:53] INFO  MachineClassSpider ensure_future 开始工作,内存Id 为:1997156714752
[2022:03:20 15:54:53] INFO  MachineClassSpider ensure_future 开始工作,内存Id 为:1997156714912
[2022:03:20 15:54:53] INFO  MachineClassSpider <fetch> 开始！
[2022:03:20 15:54:54] INFO  MachineClassSpider <_start_request> method:GET url:https://used.jc35.com/ status:200 timeCost:1.0042495727539062
[2022:03:20 15:55:20] INFO  MachineClassSpider <save_to_json> 未发现可用 存储sql 默认更改为存储json
[2022:03:20 15:55:20] INFO  MachineClassSpider <save_to_json> Json转存成功 文件名为:MachineClassSpider.json
[2022:03:20 15:55:31] INFO  MachineClassSpider <_check_sql_available> 检查 SQL设置 可用性
[2022:03:20 15:55:31] WARNING MachineClassSpider <_check_sql_available> <存储> SQL 语句 Setting读取异常 切换到全局 Setting!
[2022:03:20 15:55:31] ERROR MachineClassSpider <_check_sql_available> <存储> SQL 语句 全局 Setting读取异常!
[2022:03:20 15:55:31] ERROR MachineClassSpider <_check_sql_available> <存储> 未读取到可用存储语句 默认存储JSON
[2022:03:20 15:55:31] WARNING MachineClassSpider <_check_sql_available> <更新> SQL 语句 Setting读取异常 切换到全局 Setting!
[2022:03:20 15:55:31] ERROR MachineClassSpider <_check_sql_available> <更新> SQL 语句 全局 Setting读取异常! 未设置更新 SQL
[2022:03:20 15:55:31] WARNING MachineClassSpider <_check_sql_available> SQL 表名 Setting读取异常 切换到全局 Setting!
[2022:03:20 15:55:31] ERROR MachineClassSpider <_check_sql_available> SQL 表名 全局 Setting读取异常!
[2022:03:20 15:55:31] INFO  MachineClassSpider <start_master> 开始爬取！
[2022:03:20 15:55:31] INFO  MachineClassSpider ensure_future 开始工作,内存Id 为:2041293117696
[2022:03:20 15:55:31] INFO  MachineClassSpider ensure_future 开始工作,内存Id 为:2041293117856
[2022:03:20 15:55:31] INFO  MachineClassSpider <fetch> 开始！
[2022:03:20 15:55:32] INFO  MachineClassSpider <_start_request> method:GET url:https://used.jc35.com/ status:200 timeCost:0.9911630153656006
[2022:03:20 15:56:05] INFO  MachineClassSpider <save_to_json> 未发现可用 存储sql 默认更改为存储json
[2022:03:20 15:57:32] INFO  MachineClassSpider <_check_sql_available> 检查 SQL设置 可用性
[2022:03:20 15:57:32] WARNING MachineClassSpider <_check_sql_available> <存储> SQL 语句 Setting读取异常 切换到全局 Setting!
[2022:03:20 15:57:32] ERROR MachineClassSpider <_check_sql_available> <存储> SQL 语句 全局 Setting读取异常!
[2022:03:20 15:57:32] ERROR MachineClassSpider <_check_sql_available> <存储> 未读取到可用存储语句 默认存储JSON
[2022:03:20 15:57:32] WARNING MachineClassSpider <_check_sql_available> <更新> SQL 语句 Setting读取异常 切换到全局 Setting!
[2022:03:20 15:57:32] ERROR MachineClassSpider <_check_sql_available> <更新> SQL 语句 全局 Setting读取异常! 未设置更新 SQL
[2022:03:20 15:57:32] WARNING MachineClassSpider <_check_sql_available> SQL 表名 Setting读取异常 切换到全局 Setting!
[2022:03:20 15:57:32] ERROR MachineClassSpider <_check_sql_available> SQL 表名 全局 Setting读取异常!
[2022:03:20 15:57:32] INFO  MachineClassSpider <start_master> 开始爬取！
[2022:03:20 15:57:32] INFO  MachineClassSpider ensure_future 开始工作,内存Id 为:2265927714592
[2022:03:20 15:57:32] INFO  MachineClassSpider ensure_future 开始工作,内存Id 为:2265927714752
[2022:03:20 15:57:32] INFO  MachineClassSpider <fetch> 开始！
[2022:03:20 15:57:33] INFO  MachineClassSpider <_start_request> method:GET url:https://used.jc35.com/ status:200 timeCost:1.009436845779419
[2022:03:20 15:57:33] INFO  MachineClassSpider <save_to_json> 未发现可用 存储sql 默认更改为存储json
[2022:03:20 15:57:33] INFO  MachineClassSpider <save_to_json> Json转存成功 文件名为:MachineClassSpider.json
[2022:03:20 15:57:33] INFO  MachineClassSpider <save_to_json> 未发现可用 存储sql 默认更改为存储json
[2022:03:20 15:57:33] INFO  MachineClassSpider <save_to_json> Json转存成功 文件名为:MachineClassSpider.json
[2022:03:20 15:57:33] INFO  MachineClassSpider <save_to_json> 未发现可用 存储sql 默认更改为存储json
[2022:03:20 15:57:33] INFO  MachineClassSpider <save_to_json> Json转存成功 文件名为:MachineClassSpider.json
[2022:03:20 15:57:33] INFO  MachineClassSpider <save_to_json> 未发现可用 存储sql 默认更改为存储json
[2022:03:20 15:57:33] INFO  MachineClassSpider <save_to_json> Json转存成功 文件名为:MachineClassSpider.json
[2022:03:20 15:57:33] INFO  MachineClassSpider <MachineClassSpider> 爬取结束
[2022:03:20 15:57:33] ERROR asyncio            Unclosed client session
client_session: <aiohttp.client.ClientSession object at 0x0000020F93D4AC70>
[2022:03:20 15:57:33] ERROR asyncio            Task was destroyed but it is pending!
task: <Task pending name='Task-2' coro=<Spider.dispatch_slaver() running at F:\爬虫专用\framework_spider\Core\spider.py:255> wait_for=<Future cancelled>>
[2022:03:20 15:57:33] ERROR asyncio            Task was destroyed but it is pending!
task: <Task pending name='Task-3' coro=<Spider.dispatch_slaver() running at F:\爬虫专用\framework_spider\Core\spider.py:255> wait_for=<Future pending cb=[<TaskWakeupMethWrapper object at 0x0000020F93D7C250>()]>>
[2022:03:20 15:57:33] ERROR asyncio            Unclosed connector
connections: ['[(<aiohttp.client_proto.ResponseHandler object at 0x0000020F93D88A00>, 26675.031)]']
connector: <aiohttp.connector.TCPConnector object at 0x0000020F93D4ACD0>
