[2022:03:20 00:38:20] INFO  AJSpider <_check_sql_available> 检查 SQL设置 可用性
[2022:03:20 00:38:20] INFO  AJSpider <start_master> 开始爬取！
[2022:03:20 00:38:20] INFO  AJSpider ensure_future 开始工作,内存Id 为:2188660625952
[2022:03:20 00:38:20] INFO  AJSpider ensure_future 开始工作,内存Id 为:2188660626112
[2022:03:20 00:38:20] INFO  AJSpider <fetch> 开始！
[2022:03:20 00:38:20] INFO  AJSpider <_start_request> method:GET url:http://www.baidu.com status:200 timeCost:0.04567384719848633
[2022:03:20 00:38:21] INFO  AJSpider <save_to_mysql> 存储表名称为:[test] 存储语句为:[INSERT INTO `test`(`_id`,`data`) VALUES (%s,%s)]
[2022:03:20 00:38:22] INFO  AJSpider <save_to_mysql> 入库数据长度:12 
	成功入库条数:0
	成功更新条数:12
	失败条数:0
[2022:03:20 00:38:22] ERROR asyncio  Unclosed client session
client_session: <aiohttp.client.ClientSession object at 0x000001FD96547B50>
[2022:03:20 00:38:22] ERROR asyncio  Task was destroyed but it is pending!
task: <Task pending name='Task-2' coro=<Spider.dispatch_slaver() running at F:\爬虫专用\framework_spider\Core\spider.py:204> wait_for=<Future cancelled>>
[2022:03:20 00:38:22] ERROR asyncio  Task was destroyed but it is pending!
task: <Task pending name='Task-3' coro=<Spider.dispatch_slaver() running at F:\爬虫专用\framework_spider\Core\spider.py:204> wait_for=<Future pending cb=[<TaskWakeupMethWrapper object at 0x000001FD9657B130>()]>>
[2022:03:20 00:38:22] ERROR asyncio  Unclosed connector
connections: ['[(<aiohttp.client_proto.ResponseHandler object at 0x000001FD965879A0>, 9595.796)]']
connector: <aiohttp.connector.TCPConnector object at 0x000001FD96547BB0>
[2022:03:20 00:38:40] INFO  AJSpider <_check_sql_available> 检查 SQL设置 可用性
[2022:03:20 00:38:40] INFO  AJSpider <start_master> 开始爬取！
[2022:03:20 00:38:40] INFO  AJSpider ensure_future 开始工作,内存Id 为:1664782701248
[2022:03:20 00:38:40] INFO  AJSpider ensure_future 开始工作,内存Id 为:1664782701408
[2022:03:20 00:38:40] INFO  AJSpider <fetch> 开始！
[2022:03:20 00:38:40] INFO  AJSpider <_start_request> method:GET url:http://www.baidu.com status:200 timeCost:0.03975844383239746
[2022:03:20 00:38:40] INFO  AJSpider <save_to_mysql> 存储表名称为:[test] 存储语句为:[INSERT INTO `test`(`_id`,`data`) VALUES (%s,%s)]
[2022:03:20 00:38:41] INFO  AJSpider <save_to_mysql> 入库数据长度:12 
	成功入库条数:2
	成功更新条数:10
	失败条数:0
[2022:03:20 00:38:41] ERROR asyncio  Unclosed client session
client_session: <aiohttp.client.ClientSession object at 0x000001839CC78A90>
[2022:03:20 00:38:41] ERROR asyncio  Task was destroyed but it is pending!
task: <Task pending name='Task-2' coro=<Spider.dispatch_slaver() running at F:\爬虫专用\framework_spider\Core\spider.py:204> wait_for=<Future cancelled>>
[2022:03:20 00:38:41] ERROR asyncio  Task was destroyed but it is pending!
task: <Task pending name='Task-3' coro=<Spider.dispatch_slaver() running at F:\爬虫专用\framework_spider\Core\spider.py:204> wait_for=<Future pending cb=[<TaskWakeupMethWrapper object at 0x000001839CCAB070>()]>>
[2022:03:20 00:38:41] ERROR asyncio  Unclosed connector
connections: ['[(<aiohttp.client_proto.ResponseHandler object at 0x000001839CC90DC0>, 9615.609)]']
connector: <aiohttp.connector.TCPConnector object at 0x000001839CC78AF0>
