[2022:03:20 01:36:58] INFO  AJSpider <_check_sql_available> 检查 SQL设置 可用性
[2022:03:20 01:36:58] INFO  AJSpider <start_master> 开始爬取！
[2022:03:20 01:36:58] INFO  AJSpider ensure_future 开始工作,内存Id 为:2252650103488
[2022:03:20 01:36:58] INFO  AJSpider ensure_future 开始工作,内存Id 为:2252650103648
[2022:03:20 01:36:58] INFO  AJSpider <fetch> 开始！
[2022:03:20 01:36:58] INFO  AJSpider <_start_request> method:GET url:http://www.baidu.com status:200 timeCost:0.08655261993408203
[2022:03:20 01:36:58] INFO  AJSpider <save_to_mysql> 存储表名称为:[test] 存储语句为:[INSERT INTO `test`(`_id`,`data`) VALUES (%s,%s)]
[2022:03:20 01:37:05] INFO  AJSpider <save_to_mysql> 入库数据长度:12 
	成功入库条数:0
	成功更新条数:12
	失败条数:0
[2022:03:20 01:37:40] INFO  AJSpider <_check_sql_available> 检查 SQL设置 可用性
[2022:03:20 01:37:40] INFO  AJSpider <start_master> 开始爬取！
[2022:03:20 01:37:40] INFO  AJSpider ensure_future 开始工作,内存Id 为:1832603595456
[2022:03:20 01:37:40] INFO  AJSpider ensure_future 开始工作,内存Id 为:1832603595616
[2022:03:20 01:37:40] INFO  AJSpider <fetch> 开始！
[2022:03:20 01:37:40] INFO  AJSpider <_start_request> method:GET url:http://www.baidu.com status:200 timeCost:0.0872187614440918
[2022:03:20 01:37:40] INFO  AJSpider <save_to_mysql> 存储表名称为:[test] 存储语句为:[INSERT INTO `test`(`_id`,`data`) VALUES (%s,%s)]
[2022:03:20 01:37:41] INFO  AJSpider <save_to_mysql> 入库数据长度:12 
	成功入库条数:0
	成功更新条数:12
	失败条数:0
[2022:03:20 01:38:22] INFO  AJSpider <_check_sql_available> 检查 SQL设置 可用性
[2022:03:20 01:38:22] INFO  AJSpider <start_master> 开始爬取！
[2022:03:20 01:38:22] INFO  AJSpider ensure_future 开始工作,内存Id 为:2902711771840
[2022:03:20 01:38:22] INFO  AJSpider ensure_future 开始工作,内存Id 为:2902711772000
[2022:03:20 01:38:22] INFO  AJSpider <fetch> 开始！
[2022:03:20 01:38:22] INFO  AJSpider <_start_request> method:GET url:http://www.baidu.com status:200 timeCost:0.08715152740478516
[2022:03:20 01:38:22] INFO  AJSpider <save_to_mysql> 存储表名称为:[test] 存储语句为:[INSERT INTO `test`(`_id`,`data`) VALUES (%s,%s)]
[2022:03:20 01:38:23] INFO  AJSpider <save_to_mysql> 入库数据长度:12 
	成功入库条数:0
	成功更新条数:12
	失败条数:0
[2022:03:20 01:40:10] INFO  AJSpider <_check_sql_available> 检查 SQL设置 可用性
[2022:03:20 01:40:10] INFO  AJSpider <start_master> 开始爬取！
[2022:03:20 01:40:10] INFO  AJSpider ensure_future 开始工作,内存Id 为:2424663225024
[2022:03:20 01:40:10] INFO  AJSpider ensure_future 开始工作,内存Id 为:2424663225184
[2022:03:20 01:40:10] INFO  AJSpider <fetch> 开始！
[2022:03:20 01:40:10] INFO  AJSpider <_start_request> method:GET url:http://www.baidu.com status:200 timeCost:0.04912543296813965
[2022:03:20 01:40:10] INFO  AJSpider <save_to_mysql> 存储表名称为:[test] 存储语句为:[INSERT INTO `test`(`_id`,`data`) VALUES (%s,%s)]
[2022:03:20 01:40:20] INFO  AJSpider <save_to_mysql> 入库数据长度:12 
	成功入库条数:0
	成功更新条数:12
	失败条数:0
[2022:03:20 01:40:49] ERROR asyncio  Unclosed client session
client_session: <aiohttp.client.ClientSession object at 0x0000023489307760>
[2022:03:20 01:40:49] ERROR asyncio  Task was destroyed but it is pending!
task: <Task pending name='Task-2' coro=<Spider.dispatch_slaver() running at F:\爬虫专用\framework_spider\Core\spider.py:227> wait_for=<Future pending cb=[<TaskWakeupMethWrapper object at 0x000002348931FA90>()]>>
[2022:03:20 01:40:49] ERROR asyncio  Task was destroyed but it is pending!
task: <Task pending name='Task-3' coro=<Spider.dispatch_slaver() running at F:\爬虫专用\framework_spider\Core\spider.py:227> wait_for=<Future pending cb=[<TaskWakeupMethWrapper object at 0x000002348931FD00>()]>>
[2022:03:20 01:53:58] INFO  AJSpider <_check_sql_available> 检查 SQL设置 可用性
[2022:03:20 01:53:58] INFO  AJSpider <start_master> 开始爬取！
[2022:03:20 01:53:58] INFO  AJSpider ensure_future 开始工作,内存Id 为:2275138770720
[2022:03:20 01:53:58] INFO  AJSpider ensure_future 开始工作,内存Id 为:2275138770880
[2022:03:20 01:53:58] INFO  AJSpider <fetch> 开始！
[2022:03:20 01:53:58] INFO  AJSpider <_start_request> method:GET url:http://www.baidu.com status:200 timeCost:0.08457469940185547
[2022:03:20 01:53:58] INFO  AJSpider <save_to_mysql> 存储表名称为:[test] 存储语句为:[INSERT INTO `test`(`_id`,`data`) VALUES (%s,%s)]
[2022:03:20 01:54:01] INFO  AJSpider <save_to_mysql> 入库数据长度:2 
	成功入库条数:2
	成功更新条数:0
	失败条数:0
[2022:03:20 01:54:23] INFO  AJSpider <_get_task_status> 读取任务状态
[2022:03:20 01:56:19] INFO  AJSpider <_check_sql_available> 检查 SQL设置 可用性
[2022:03:20 01:56:19] INFO  AJSpider <start_master> 开始爬取！
[2022:03:20 01:56:19] INFO  AJSpider ensure_future 开始工作,内存Id 为:2585191028512
[2022:03:20 01:56:19] INFO  AJSpider ensure_future 开始工作,内存Id 为:2585191028672
[2022:03:20 01:56:19] INFO  AJSpider <fetch> 开始！
[2022:03:20 01:56:19] INFO  AJSpider <_start_request> method:GET url:http://www.baidu.com status:200 timeCost:0.04609036445617676
[2022:03:20 01:56:19] INFO  AJSpider <save_to_mysql> 存储表名称为:[test] 存储语句为:[INSERT INTO `test`(`_id`,`data`) VALUES (%s,%s)]
[2022:03:20 01:56:22] INFO  AJSpider <save_to_mysql> 入库数据长度:2 
	成功入库条数:2
	成功更新条数:0
	失败条数:0
[2022:03:20 01:56:26] INFO  AJSpider <_get_task_status> 读取任务状态
[2022:03:20 01:57:40] INFO  AJSpider <_check_sql_available> 检查 SQL设置 可用性
[2022:03:20 01:57:40] INFO  AJSpider <start_master> 开始爬取！
[2022:03:20 01:57:40] INFO  AJSpider ensure_future 开始工作,内存Id 为:1829893088736
[2022:03:20 01:57:40] INFO  AJSpider ensure_future 开始工作,内存Id 为:1829893088896
[2022:03:20 01:57:40] INFO  AJSpider <fetch> 开始！
[2022:03:20 01:57:40] INFO  AJSpider <_start_request> method:GET url:http://www.baidu.com status:200 timeCost:0.07882237434387207
[2022:03:20 01:57:40] INFO  AJSpider <save_to_mysql> 存储表名称为:[test] 存储语句为:[INSERT INTO `test`(`_id`,`data`) VALUES (%s,%s)]
[2022:03:20 01:57:40] INFO  AJSpider <save_to_mysql> 入库数据长度:2 
	成功入库条数:0
	成功更新条数:2
	失败条数:0
[2022:03:20 01:59:26] INFO  AJSpider <_check_sql_available> 检查 SQL设置 可用性
[2022:03:20 01:59:26] INFO  AJSpider <start_master> 开始爬取！
[2022:03:20 01:59:26] INFO  AJSpider ensure_future 开始工作,内存Id 为:2664921421120
[2022:03:20 01:59:26] INFO  AJSpider ensure_future 开始工作,内存Id 为:2664921421280
[2022:03:20 01:59:26] INFO  AJSpider <fetch> 开始！
[2022:03:20 01:59:26] INFO  AJSpider <_start_request> method:GET url:http://www.baidu.com status:200 timeCost:0.09088325500488281
[2022:03:20 01:59:26] INFO  AJSpider <save_to_mysql> 存储表名称为:[test] 存储语句为:[INSERT INTO `test`(`_id`,`data`) VALUES (%s,%s)]
[2022:03:20 01:59:26] INFO  AJSpider <save_to_mysql> 入库数据长度:2 
	成功入库条数:0
	成功更新条数:2
	失败条数:0
[2022:03:20 01:59:28] INFO  AJSpider <_get_task_status> 读取任务状态
[2022:03:20 01:59:52] INFO  AJSpider <_check_sql_available> 检查 SQL设置 可用性
[2022:03:20 01:59:52] INFO  AJSpider <start_master> 开始爬取！
[2022:03:20 01:59:52] INFO  AJSpider ensure_future 开始工作,内存Id 为:2676580857312
[2022:03:20 01:59:52] INFO  AJSpider ensure_future 开始工作,内存Id 为:2676580857472
[2022:03:20 01:59:52] INFO  AJSpider <fetch> 开始！
[2022:03:20 01:59:52] INFO  AJSpider <_start_request> method:GET url:http://www.baidu.com status:200 timeCost:0.05469512939453125
[2022:03:20 01:59:52] INFO  AJSpider <save_to_mysql> 存储表名称为:[test] 存储语句为:[INSERT INTO `test`(`_id`,`data`) VALUES (%s,%s)]
[2022:03:20 01:59:52] INFO  AJSpider <save_to_mysql> 入库数据长度:2 
	成功入库条数:0
	成功更新条数:2
	失败条数:0
[2022:03:20 01:59:53] INFO  AJSpider <_get_task_status> 读取任务状态
[2022:03:20 01:59:58] INFO  AJSpider <_get_task_status> 读取任务状态成功
